c:\users\daniel\documents\trabalhos do daniel\universidade\feup\1º ano\2º semestre\programação\projecto2\proj 2\proj 2\debug\vc140.pdb
c:\users\daniel\documents\trabalhos do daniel\universidade\feup\1º ano\2º semestre\programação\projecto2\proj 2\proj 2\debug\vc140.idb
c:\users\daniel\documents\trabalhos do daniel\universidade\feup\1º ano\2º semestre\programação\projecto2\proj 2\proj 2\debug\clients.obj
c:\users\daniel\documents\trabalhos do daniel\universidade\feup\1º ano\2º semestre\programação\projecto2\proj 2\proj 2\debug\clients interface.obj
c:\users\daniel\documents\trabalhos do daniel\universidade\feup\1º ano\2º semestre\programação\projecto2\proj 2\proj 2\debug\interface.obj
c:\users\daniel\documents\trabalhos do daniel\universidade\feup\1º ano\2º semestre\programação\projecto2\proj 2\proj 2\debug\entry point.obj
c:\users\daniel\documents\trabalhos do daniel\universidade\feup\1º ano\2º semestre\programação\projecto2\proj 2\proj 2\debug\products interface.obj
c:\users\daniel\documents\trabalhos do daniel\universidade\feup\1º ano\2º semestre\programação\projecto2\proj 2\proj 2\debug\products.obj
c:\users\daniel\documents\trabalhos do daniel\universidade\feup\1º ano\2º semestre\programação\projecto2\proj 2\proj 2\debug\recommendations interface.obj
c:\users\daniel\documents\trabalhos do daniel\universidade\feup\1º ano\2º semestre\programação\projecto2\proj 2\proj 2\debug\transactions interface.obj
c:\users\daniel\documents\trabalhos do daniel\universidade\feup\1º ano\2º semestre\programação\projecto2\proj 2\proj 2\debug\transactions.obj
c:\users\daniel\documents\trabalhos do daniel\universidade\feup\1º ano\2º semestre\programação\projecto2\proj 2\proj 2\debug\utilities.obj
c:\users\daniel\documents\trabalhos do daniel\universidade\feup\1º ano\2º semestre\programação\projecto2\proj 2\debug\proj 2.ilk
c:\users\daniel\documents\trabalhos do daniel\universidade\feup\1º ano\2º semestre\programação\projecto2\proj 2\debug\proj 2.exe
c:\users\daniel\documents\trabalhos do daniel\universidade\feup\1º ano\2º semestre\programação\projecto2\proj 2\debug\proj 2.pdb
c:\users\daniel\documents\trabalhos do daniel\universidade\feup\1º ano\2º semestre\programação\projecto2\proj 2\proj 2\debug\proj 2.tlog\cl.command.1.tlog
c:\users\daniel\documents\trabalhos do daniel\universidade\feup\1º ano\2º semestre\programação\projecto2\proj 2\proj 2\debug\proj 2.tlog\cl.read.1.tlog
c:\users\daniel\documents\trabalhos do daniel\universidade\feup\1º ano\2º semestre\programação\projecto2\proj 2\proj 2\debug\proj 2.tlog\cl.write.1.tlog
c:\users\daniel\documents\trabalhos do daniel\universidade\feup\1º ano\2º semestre\programação\projecto2\proj 2\proj 2\debug\proj 2.tlog\link.command.1.tlog
c:\users\daniel\documents\trabalhos do daniel\universidade\feup\1º ano\2º semestre\programação\projecto2\proj 2\proj 2\debug\proj 2.tlog\link.read.1.tlog
c:\users\daniel\documents\trabalhos do daniel\universidade\feup\1º ano\2º semestre\programação\projecto2\proj 2\proj 2\debug\proj 2.tlog\link.write.1.tlog
